#BIND_OUTPUT version: 3.0



#---------------------- SYMMETRY ANALYSIS ----------------------

1 Elements are present. They are:
  1 Identity.
   Equivalent Atoms: 1 -> 1, 2 -> 2, 3 -> 3, 4 -> 4, 5 -> 5, 6 -> 6, 7 -> 7, 8 -> 8, 9 -> 9, 10 -> 10, 11 -> 11, 12 -> 12, 13 -> 13, 14 -> 14, 15 -> 15, 16 -> 16, 17 -> 17, 18 -> 18, 19 -> 19, 20 -> 20, 21 -> 21, 22 -> 22, 23 -> 23, 

Here are the  Non-Redundant Elements which are present:
Identity.
   Equivalent Atoms: 1 -> 1, 2 -> 2, 3 -> 3, 4 -> 4, 5 -> 5, 6 -> 6, 7 -> 7, 8 -> 8, 9 -> 9, 10 -> 10, 11 -> 11, 12 -> 12, 13 -> 13, 14 -> 14, 15 -> 15, 16 -> 16, 17 -> 17, 18 -> 18, 19 -> 19, 20 -> 20, 21 -> 21, 22 -> 22, 23 -> 23, 

;-----------------------------------------------------------------
Allocating approximately   139.71 Kbytes (    0.14 Meg).
Each matrix is:     0.00 meg.

; Number of orbitals
#Num_Orbitals: 47
Error value from Diagonalization (0 is good): 0

#	******* Energies (in eV)  and Occupation Numbers *******
1:--->  -28.6354  [2.000 Electrons]
2:--->  -26.2302  [2.000 Electrons]
3:--->   -24.202  [2.000 Electrons]
4:--->  -23.6924  [2.000 Electrons]
5:--->  -21.6521  [2.000 Electrons]
6:--->  -21.0179  [2.000 Electrons]
7:--->  -19.9806  [2.000 Electrons]
8:--->  -18.8654  [2.000 Electrons]
9:--->  -16.8759  [2.000 Electrons]
10:--->  -16.5673  [2.000 Electrons]
11:--->  -15.1703  [2.000 Electrons]
12:--->  -14.8682  [2.000 Electrons]
13:--->  -14.2488  [2.000 Electrons]
14:--->  -13.7652  [2.000 Electrons]
15:--->  -13.5299  [2.000 Electrons]
16:--->  -13.1747  [2.000 Electrons]
17:--->  -12.8519  [2.000 Electrons]
18:--->  -12.5733  [2.000 Electrons]
19:--->  -12.3305  [2.000 Electrons]
20:--->  -11.9945  [2.000 Electrons]
21:--->  -11.8442  [2.000 Electrons]
22:--->  -11.4012  [2.000 Electrons]
23:--->  -11.3509  [2.000 Electrons]
24:--->  -11.2172  [1.000 Electrons]
25:--->  -11.1293  [0.000 Electrons]
26:--->  -11.0884  [0.000 Electrons]
27:--->  -10.1499  [0.000 Electrons]
28:--->   -9.8933  [0.000 Electrons]
29:--->  -9.86357  [0.000 Electrons]
30:--->  -9.07307  [0.000 Electrons]
31:--->   -8.2652  [0.000 Electrons]
32:--->  -6.75672  [0.000 Electrons]
33:--->  -3.48982  [0.000 Electrons]
34:--->  -3.06055  [0.000 Electrons]
35:--->  -0.148989  [0.000 Electrons]
36:--->  0.435225  [0.000 Electrons]
37:--->   3.45488  [0.000 Electrons]
38:--->   3.71969  [0.000 Electrons]
39:--->   6.91515  [0.000 Electrons]
40:--->   14.5061  [0.000 Electrons]
41:--->   20.4621  [0.000 Electrons]
42:--->   23.4934  [0.000 Electrons]
43:--->   29.1886  [0.000 Electrons]
44:--->   48.2688  [0.000 Electrons]
45:--->   69.6596  [0.000 Electrons]
46:--->   73.0939  [0.000 Electrons]
47:--->    141.17  [0.000 Electrons]
Total_Energy: -784.863

# Characters of wavefunctions with respect to symmetry operations present.
;              1 
   1:--->  1.000 
   2:--->  1.000 
   3:--->  1.000 
   4:--->  1.000 
   5:--->  1.000 
   6:--->  1.000 
   7:--->  1.000 
   8:--->  1.000 
   9:--->  1.000 
  10:--->  1.000 
  11:--->  1.000 
  12:--->  1.000 
  13:--->  1.000 
  14:--->  1.000 
  15:--->  1.000 
  16:--->  1.000 
  17:--->  1.000 
  18:--->  1.000 
  19:--->  1.000 
  20:--->  1.000 
  21:--->  1.000 
  22:--->  1.000 
  23:--->  1.000 
  24:--->  1.000 
  25:--->  1.000 
  26:--->  1.000 
  27:--->  1.000 
  28:--->  1.000 
  29:--->  1.000 
  30:--->  1.000 
  31:--->  1.000 
  32:--->  1.000 
  33:--->  1.000 
  34:--->  1.000 
  35:--->  1.000 
  36:--->  1.000 
  37:--->  1.000 
  38:--->  1.000 
  39:--->  1.000 
  40:--->  1.000 
  41:--->  1.000 
  42:--->  1.000 
  43:--->  1.000 
  44:--->  1.000 
  45:--->  1.000 
  46:--->  1.000 
  47:--->  1.000 

;   Reduced Mulliken Overlap Population Matrix for 47.000 electrons:

              1        2        3        4        5        6        7      
  1        2.7074    
  2        1.0025      0.6004    
  3        -0.0718     -0.0573     4.1498    
  4        -0.0460     -0.0374     0.9178      3.9477    
  5        -0.0005     -0.0008     -0.0044     0.0322      3.4924    
  6        0.0002      0.0000      0.0000      -0.0006     0.0051      5.4117    
  7        -0.0000     -0.0000     0.0001      -0.0008     0.7206      0.0002      2.2967    
  8        -0.0001     -0.0000     -0.0006     -0.0038     0.1496      -0.0001     0.4584    
  9        -0.0000     -0.0000     -0.0000     0.0001      -0.0640     -0.0001     1.5339    
  10       0.5812      -0.0125     0.0028      -0.0051     -0.0000     0.0001      0.0000    
  11       0.3206      -0.0419     -0.0073     0.0003      -0.0000     0.0000      0.0000    
  12       0.3197      -0.0397     -0.0180     0.0009      0.0000      -0.0000     -0.0000   
  13       0.1946      -0.0529     0.0039      -0.0022     0.0002      0.0002      -0.0000   
  14       -0.0325     -0.0376     0.5760      -0.0157     -0.0000     0.0000      0.0000    
  15       0.2896      -0.0108     -0.0106     -0.0011     0.0000      -0.0000     -0.0000   
  16       -0.0084     -0.0185     -0.0177     0.0390      -0.0012     -0.0022     0.0000    
  17       -0.1494     -0.0465     -0.0093     0.0351      0.0028      -0.0032     -0.0001   
  18       -0.0306     -0.0683     0.0005      -0.0013     0.0002      -0.0007     -0.0000   
  19       -0.0018     0.0004      -0.0004     -0.0043     -0.0001     0.2234      -0.0002   
  20       -0.0005     -0.0003     -0.0026     -0.0021     0.4939      0.0001      -0.0578   
  21       0.0000      -0.0000     0.0000      0.0004      0.0305      0.0000      -0.0329   
  22       -0.0003     -0.0002     0.0007      -0.0031     -0.0730     -0.0000     -0.0594   
  23       0.0000      0.0000      0.0000      -0.0000     -0.0008     0.0219      -0.0008   

              8        9        10       11       12       13       14     
  8        2.6948    
  9        0.0358      3.8916    
  10       0.0000      -0.0000     0.5570    
  11       0.0000      -0.0000     -0.0170     0.1736    
  12       -0.0000     0.0000      -0.1508     0.2804      0.2325    
  13       -0.0001     0.0000      -0.0057     0.0121      -0.0076     0.4823    
  14       -0.0001     -0.0000     -0.0007     -0.0017     -0.0076     0.0023      0.7083    
  15       -0.0000     0.0000      0.0254      0.0463      0.1704      -0.0256     -0.0172   
  16       0.0001      -0.0000     -0.0385     -0.0097     0.0053      -0.0655     -0.0012   
  17       -0.0005     -0.0000     -0.0484     -0.0032     0.0053      0.0499      -0.0007   
  18       -0.0001     0.0000      -0.0233     -0.0006     -0.0024     0.4362      0.0009    
  19       0.0000      -0.0000     -0.0003     0.0001      0.0001      -0.0054     -0.0000   
  20       0.1581      -0.0058     -0.0000     -0.0000     0.0000      0.0001      -0.0002   
  21       0.7286      -0.0277     -0.0000     -0.0000     0.0000      0.0000      0.0000    
  22       0.5779      -0.0015     0.0000      0.0000      -0.0000     -0.0001     -0.0001   
  23       0.0000      -0.0002     0.0000      0.0000      -0.0000     -0.0000     -0.0000   

              15       16       17       18       19       20       21     
  15       0.1776    
  16       0.0261      0.6792    
  17       0.0026      0.3260      0.4210    
  18       -0.0121     0.0925      0.2972      0.3473    
  19       -0.0001     0.0221      0.0173      -0.0089     1.2350    
  20       0.0000      -0.0002     0.0003      -0.0000     -0.0003     0.3643    
  21       0.0000      0.0000      0.0000      0.0000      0.0000      -0.0899     0.4954    
  22       -0.0000     0.0000      -0.0002     -0.0000     0.0000      0.0956      -0.0351   
  23       -0.0000     0.0000      -0.0000     -0.0000     0.0002      -0.0000     -0.0000   

              22       23     
  22       0.4489    
  23       0.0000      1.9009    

;    Net Atomic Charges for 47.000 electrons:
1 C: 0.109423
2 H: 0.110438
3 C: -0.800741
4 C: -0.398866
5 C: -0.137577
6 C: -1.533848
7 C: 0.422759
8 C: 0.253729
9 C: -0.626857
10 H: 0.289486
11 H: 0.537183
12 H: 0.489451
13 H: 0.250534
14 H: 0.059662
15 H: 0.580904
16 H: 0.146851
17 H: 0.341532
18 H: 0.313250
19 H: -0.355836
20 H: 0.341465
21 H: 0.217591
22 H: 0.300476
23 H: -0.911009
;      Total Charge is: 0.000000


; 		q-q-q-q-q-q-q-q  Charge Matrix q-q-q-q-q-q-q-q

;   Reduced Charge Matrix Independant of Occupation
      1        2        3        4        5        6        7      
   1  0.0001  0.3800  0.1371  0.0177  0.0002  0.0014  0.0494
   2  0.0001  0.0822  0.0129  0.0014  0.0000  0.0000  0.0044
   3  0.0004  0.1786  0.2342  0.0719  0.0032  0.0244  0.1721
   4  0.0013  0.1204  0.2844  0.0512  0.0013  0.0164  0.1745
   5  0.1570  0.0010  0.0414  0.1272  0.0124  0.3109  0.0211
   6  0.0001  0.0000  0.0002  0.0000  0.9057  0.0441  0.0035
   7  0.3721  0.0014  0.0303  0.1472  0.0048  0.1298  0.0166
   8  0.2096  0.0001  0.0111  0.1159  0.0136  0.3119  0.0151
   9  0.1925  0.0018  0.0607  0.3032  0.0003  0.0102  0.0045
  10  0.0000  0.0331  0.0298  0.0045  0.0000  0.0003  0.0000
  11  0.0000  0.0486  0.0450  0.0068  0.0000  0.0000  0.0117
  12  0.0000  0.0448  0.0368  0.0052  0.0000  0.0000  0.0241
  13  0.0000  0.0130  0.0100  0.0017  0.0003  0.0015  0.0759
  14  0.0000  0.0195  0.0090  0.0047  0.0008  0.0074  0.0835
  15  0.0000  0.0482  0.0252  0.0030  0.0000  0.0001  0.0224
  16  0.0000  0.0066  -0.0001  0.0000  0.0008  0.0017  0.0750
  17  0.0001  0.0096  -0.0003  0.0000  0.0015  0.0040  0.1200
  18  0.0000  0.0101  0.0061  0.0010  0.0007  0.0023  0.1148
  19  0.0000  0.0002  0.0006  0.0000  0.0418  0.0001  0.0061
  20  0.0260  0.0004  0.0147  0.0556  0.0000  0.0054  -0.0001
  21  0.0297  0.0000  0.0038  0.0407  0.0026  0.0547  0.0013
  22  0.0111  0.0001  0.0072  0.0410  0.0032  0.0734  0.0037
  23  0.0000  0.0000  0.0000  0.0000  0.0068  0.0000  0.0001
      8        9        10       11       12       13       14     
   1  0.0975  0.0739  0.2203  0.0006  0.1403  0.0222  0.0642
   2  0.0505  0.0668  0.1930  0.0000  -0.0003  0.0006  -0.0001
   3  0.1397  0.0179  0.0802  0.0026  0.1355  0.0076  0.0184
   4  0.2010  0.0121  0.0231  0.0034  0.1559  0.0245  0.0150
   5  0.0062  0.1288  0.0354  0.1730  0.0042  0.1135  0.0016
   6  0.0000  0.0001  0.0009  0.0003  0.0328  0.0003  0.1160
   7  0.0057  0.1254  0.0376  0.1882  0.0091  0.2570  0.0047
   8  0.0019  0.1258  0.0447  0.2965  0.0083  0.1874  0.0035
   9  0.0029  0.1488  0.0486  0.1618  0.0053  0.2599  0.0085
  10  0.0218  0.0168  0.0441  0.0002  0.0104  0.0000  0.0012
  11  0.0643  0.0043  0.0128  0.0001  0.0039  0.0012  0.0039
  12  0.0681  0.0024  0.0073  0.0000  0.0029  0.0000  0.0003
  13  0.0864  0.0054  0.0226  0.0001  0.0688  0.0088  0.0068
  14  0.0659  -0.0002  0.0133  0.0020  0.0674  0.0031  0.0005
  15  0.0450  0.0033  0.0076  0.0000  0.0200  0.0024  0.0065
  16  0.0045  0.0224  0.0403  0.0003  0.1274  0.0167  0.0215
  17  0.0506  0.0072  0.0261  0.0000  0.0298  0.0008  0.0018
  18  0.0873  0.0227  0.0715  0.0000  0.0056  0.0008  0.0000
  19  -0.0000  0.0011  0.0051  0.0008  0.1594  0.0008  0.1125
  20  0.0000  0.1023  0.0296  0.0231  0.0000  0.0001  -0.0000
  21  0.0001  0.0337  0.0091  0.1459  0.0004  -0.0000  0.0002
  22  0.0008  0.0789  0.0267  0.0005  0.0027  0.0899  0.0008
  23  0.0000  0.0000  0.0001  0.0007  0.0102  0.0025  0.6120
      15       16       17       18       19       20       21     
   1  0.2343  0.0053  0.0035  0.0480  0.0156  0.0111  0.3684
   2  0.0061  0.0041  0.0002  0.0004  0.0002  0.0011  0.0072
   3  0.0825  0.0787  0.0077  0.0324  0.0856  0.3857  0.0543
   4  0.2147  0.1155  0.0303  0.0958  0.1533  0.2038  0.1340
   5  0.0144  0.0141  0.0579  0.3826  0.1770  0.1705  0.0235
   6  0.0192  0.2126  0.0046  0.0010  0.0029  0.0051  0.0538
   7  0.0126  0.0084  0.2686  0.0130  0.0888  0.0585  0.0070
   8  0.0200  0.0039  0.0484  0.2732  0.1553  0.0015  0.0027
   9  0.0535  0.0296  0.5050  0.0765  0.2636  0.1471  0.0175
  10  0.0119  0.0002  0.0008  0.0100  0.0045  0.0002  0.1581
  11  0.0136  0.0002  0.0000  0.0016  0.0002  0.0020  0.0099
  12  0.0053  -0.0001  0.0001  0.0021  0.0005  0.0017  0.0518
  13  0.0295  0.0020  0.0010  0.0020  0.0016  0.0007  0.0030
  14  0.0837  0.0586  0.0036  0.0027  0.0008  0.0024  0.0082
  15  0.0148  0.0004  0.0001  0.0009  0.0001  0.0002  0.0031
  16  0.0342  0.0003  0.0001  0.0000  0.0000  0.0021  0.0169
  17  0.0002  0.0000  0.0001  0.0001  0.0002  0.0055  0.0605
  18  0.0019  0.0031  0.0002  0.0002  0.0002  0.0001  0.0119
  19  0.0221  0.3053  0.0068  0.0033  0.0029  0.0007  0.0071
  20  0.0040  0.0014  0.0275  0.0346  0.0043  -0.0004  -0.0001
  21  0.0004  -0.0001  0.0248  0.0085  0.0340  0.0002  0.0000
  22  0.0022  0.0000  0.0025  -0.0010  0.0036  0.0000  0.0000
  23  0.1190  0.1566  0.0061  0.0122  0.0048  0.0001  0.0010
      22       23       24       25       26       27       28     
   1  0.0014  0.0478  0.0098  0.0401  0.1810  0.0030  0.0091
   2  0.0001  0.0141  0.0000  0.0007  0.0031  -0.0000  0.0001
   3  0.0026  0.5710  0.0265  0.0851  0.0719  0.2603  0.0539
   4  0.0022  0.1590  0.0126  0.0566  0.3345  0.4367  0.0658
   5  0.0106  0.0017  0.1660  0.3055  0.1218  0.1242  0.0004
   6  0.9781  0.0587  0.6535  0.2704  0.0411  0.0025  0.5652
   7  0.0000  0.0005  0.0023  0.0066  0.0023  0.0097  0.0000
   8  0.0021  0.0001  0.0412  0.0872  0.0396  0.0540  0.0017
   9  0.0015  0.0010  0.0179  0.0341  0.0061  0.0745  0.0013
  10  0.0000  0.0064  0.0021  0.0042  0.0280  0.0000  0.0065
  11  0.0001  0.0008  0.0005  0.0028  0.0089  0.0000  0.0000
  12  0.0000  0.0015  0.0005  0.0007  0.0065  0.0000  0.0023
  13  0.0000  0.0332  0.0006  0.0122  0.0278  0.0011  0.0002
  14  0.0001  0.0323  0.0016  0.0003  0.0013  0.0040  0.0013
  15  0.0002  0.0045  0.0032  0.0132  0.0486  0.0000  0.0013
  16  0.0002  0.0541  0.0029  0.0373  0.0281  0.0232  0.0021
  17  0.0000  0.0106  0.0019  0.0020  0.0069  0.0006  0.0023
  18  0.0000  0.0025  0.0007  0.0067  0.0359  0.0004  0.0010
  19  0.0000  0.0000  0.0021  0.0000  0.0005  0.0014  0.2847
  20  0.0002  0.0000  0.0013  0.0019  0.0008  0.0016  -0.0000
  21  0.0002  0.0000  0.0023  0.0029  0.0017  0.0022  0.0000
  22  0.0003  0.0000  0.0042  0.0092  0.0035  0.0006  0.0002
  23  0.0000  0.0001  0.0464  0.0204  0.0002  0.0000  0.0007
      29       30       31       32       33       34       35     
   1  0.0010  0.0970  0.0003  0.0000  0.0113  0.0301  0.0068
   2  0.0000  0.0009  0.0000  0.0000  -0.0001  0.0032  0.0001
   3  0.0329  0.1210  0.0012  0.0001  0.4529  0.0172  0.4556
   4  0.0769  0.2847  0.0048  0.0013  0.0239  0.0412  0.4427
   5  0.0785  0.0023  0.3421  0.0708  0.0001  0.0020  0.0029
   6  0.0004  0.0261  0.0002  0.0000  0.0000  0.0002  0.0001
   7  0.0007  0.0011  0.1433  0.5379  0.0000  0.0004  0.0062
   8  0.2575  0.0017  0.3040  0.0099  0.0003  0.0000  0.0047
   9  0.4997  0.0043  0.1594  0.3657  0.0000  0.0001  0.0010
  10  0.0002  0.0106  0.0000  0.0000  0.0050  0.0037  0.0209
  11  0.0000  0.0039  0.0000  0.0000  0.0060  0.0141  0.0005
  12  0.0001  0.0036  0.0000  0.0000  0.0016  0.0008  0.0040
  13  0.0013  0.0727  0.0002  0.0000  0.0004  0.1483  0.0127
  14  0.0011  0.0119  0.0000  0.0000  0.4933  0.0098  -0.0014
  15  0.0006  0.0343  0.0001  0.0000  0.0005  0.0071  0.0106
  16  0.0107  0.2842  0.0009  0.0000  0.0000  0.1483  0.0009
  17  0.0004  0.0005  0.0000  0.0001  0.0042  0.5534  0.0280
  18  0.0000  0.0102  0.0000  0.0000  0.0001  0.0166  0.0008
  19  0.0003  0.0290  0.0008  0.0001  0.0003  0.0032  0.0004
  20  -0.0013  0.0000  0.0178  0.0045  0.0000  0.0001  0.0008
  21  0.0001  0.0000  0.0057  0.0048  0.0000  0.0000  0.0015
  22  0.0389  0.0000  0.0192  0.0047  0.0000  0.0000  0.0001
  23  0.0000  0.0000  0.0000  0.0000  0.0000  0.0000  0.0000
      36       37       38       39       40       41       42     
   1  0.0001  0.3914  0.0001  0.0003  0.1519  0.0657  0.0002
   2  0.0000  0.0000  0.0000  0.0000  0.0116  0.0000  0.0001
   3  0.0075  0.0214  0.0010  0.0000  0.0013  0.0001  0.0001
   4  0.0062  0.0161  0.0000  0.0004  0.0001  0.0024  0.0001
   5  0.1908  0.0000  0.0408  0.2331  0.0000  0.0010  0.2951
   6  0.0000  0.0000  0.0000  0.0000  0.0000  0.0000  0.0000
   7  0.3620  0.0000  0.0456  0.3081  0.0000  0.0007  0.1338
   8  0.2614  0.0002  0.4265  0.1074  0.0000  0.0003  0.1498
   9  0.0535  0.0000  0.0106  -0.0029  0.0000  0.0000  -0.0006
  10  0.0005  0.4023  0.0001  0.0000  0.0401  0.0022  0.0000
  11  0.0000  0.0072  0.0000  0.0000  0.2362  0.0151  0.0000
  12  0.0001  0.0659  0.0000  0.0000  0.0297  0.0021  0.0000
  13  0.0006  0.0008  0.0000  0.0003  0.0106  0.3126  0.0006
  14  0.0000  0.0037  0.0001  0.0000  0.0007  0.0000  0.0000
  15  0.0003  0.0483  0.0000  0.0000  0.4234  0.0519  0.0002
  16  0.0001  0.0145  0.0000  0.0001  0.0006  0.0174  0.0000
  17  0.0017  -0.0001  0.0000  0.0003  0.0266  0.0443  0.0001
  18  0.0000  0.0283  0.0000  0.0000  0.0669  0.4835  0.0012
  19  0.0000  0.0000  0.0000  0.0000  0.0002  0.0002  0.0000
  20  0.0238  0.0000  0.0082  0.2932  0.0000  0.0002  0.2187
  21  0.0883  0.0000  0.0987  0.0351  0.0000  0.0001  0.0670
  22  0.0031  0.0001  0.3680  0.0245  0.0000  0.0001  0.1336
  23  0.0000  0.0000  0.0000  0.0000  0.0000  0.0000  0.0000
      43       44       45       46       47     
   1  0.6193  0.0012  0.0026  0.4098  0.0276
   2  -0.0205  0.0016  0.0034  0.5518  -0.0009
   3  0.0025  0.0000  0.0000  0.0004  0.0000
   4  0.0000  -0.0000  0.0000  -0.0001  0.0000
   5  0.0000  0.0388  -0.0025  0.0005  0.0000
   6  0.0000  0.0000  0.0000  0.0000  0.0000
   7  0.0000  0.1543  0.4947  0.0029  0.0000
   8  0.0000  0.3331  0.0648  0.0022  0.0000
   9  0.0000  0.0372  0.4318  0.0018  0.0000
  10  0.1079  0.0000  0.0000  0.0010  0.0104
  11  0.0710  -0.0001  -0.0001  -0.0134  0.4160
  12  0.1990  0.0001  0.0000  -0.0012  0.4292
  13  0.0162  0.0000  0.0000  0.0064  0.0001
  14  0.0008  0.0000  0.0000  0.0017  0.0004
  15  0.0051  0.0001  0.0002  0.0271  0.1158
  16  0.0014  0.0000  0.0000  0.0021  0.0001
  17  -0.0001  -0.0000  0.0000  -0.0011  -0.0001
  18  -0.0027  0.0001  0.0001  0.0056  0.0013
  19  0.0000  0.0000  0.0000  0.0000  0.0000
  20  0.0000  0.0984  -0.0003  0.0015  0.0000
  21  0.0000  0.2936  0.0048  0.0008  0.0000
  22  0.0000  0.0416  0.0005  0.0002  0.0000
  23  0.0000  0.0000  0.0000  0.0000  0.0000


 Sorting 47 crystal orbitals.


# ******** Extended Hueckel Parameters ********
;  FORMAT  quantum number orbital: Hii, <c1>, exponent1, <c2>, <exponent2>

ATOM: C   Atomic number: 6  # Valence Electrons: 4
	2S:   -21.4000     1.6250
	2P:   -11.4000     1.6250
ATOM: H   Atomic number: 1  # Valence Electrons: 1
	1S:   -13.6000     1.3000

### TOTAL DENSITY OF STATES 
94 states are present.
#BEGIN CURVE
1.000000 -28.635353
1.000000 -26.230167
1.000000 -24.202007
1.000000 -23.692373
1.000000 -21.652117
1.000000 -21.017927
1.000000 -19.980637
1.000000 -18.865381
1.000000 -16.875898
1.000000 -16.567278
1.000000 -15.170319
1.000000 -14.868163
1.000000 -14.248839
1.000000 -13.765162
1.000000 -13.529926
1.000000 -13.174665
1.000000 -12.851867
1.000000 -12.573326
1.000000 -12.330464
1.000000 -11.994468
1.000000 -11.844247
1.000000 -11.401172
1.000000 -11.350928
1.000000 -11.217178
1.000000 -11.129345
1.000000 -11.088416
1.000000 -10.149904
1.000000 -9.893301
1.000000 -9.863566
1.000000 -9.073067
1.000000 -8.265200
1.000000 -6.756719
1.000000 -3.489824
1.000000 -3.060547
1.000000 -0.148989
1.000000 0.435225
1.000000 3.454881
1.000000 3.719685
1.000000 6.915149
1.000000 14.506076
1.000000 20.462130
1.000000 23.493376
1.000000 29.188570
1.000000 48.268803
1.000000 69.659637
1.000000 73.093918
1.000000 141.170044
#END CURVE
# END OF DOS


;  The Fermi Level was determined for 1 K points based on
;     an ordering of 47 crystal orbitals occupied by 47.000000 electrons
;      in the unit cell (47.000000 electrons total)
#Fermi_Energy:  -11.217178
#Average Energy:  -784.862549 eV

# Atomic Orbital Occupations
;        s      px      py      pz    dx2-y2    dz2     dxy     dxz     dyz
1 C  1.1265  0.7475  1.1559  0.8606  0.0000  0.0000  0.0000  0.0000  0.0000 
2 H  0.8896  0.0000  0.0000  0.0000  0.0000  0.0000  0.0000  0.0000  0.0000 
3 C  1.5454  1.2270  1.0542  0.9741  0.0000  0.0000  0.0000  0.0000  0.0000 
4 C  1.7527  0.5492  1.0891  1.0079  0.0000  0.0000  0.0000  0.0000  0.0000 
5 C  1.5191  0.9550  0.8669  0.7966  0.0000  0.0000  0.0000  0.0000  0.0000 
6 C  1.9777  0.8661  1.6278  1.0623  0.0000  0.0000  0.0000  0.0000  0.0000 
7 C  1.1398  0.7489  0.8042  0.8843  0.0000  0.0000  0.0000  0.0000  0.0000 
8 C  1.2947  0.7669  0.6474  1.0373  0.0000  0.0000  0.0000  0.0000  0.0000 
9 C  1.5012  0.8615  1.2808  0.9834  0.0000  0.0000  0.0000  0.0000  0.0000 
10 H  0.7105  0.0000  0.0000  0.0000  0.0000  0.0000  0.0000  0.0000  0.0000 
11 H  0.4628  0.0000  0.0000  0.0000  0.0000  0.0000  0.0000  0.0000  0.0000 
12 H  0.5105  0.0000  0.0000  0.0000  0.0000  0.0000  0.0000  0.0000  0.0000 
13 H  0.7495  0.0000  0.0000  0.0000  0.0000  0.0000  0.0000  0.0000  0.0000 
14 H  0.9403  0.0000  0.0000  0.0000  0.0000  0.0000  0.0000  0.0000  0.0000 
15 H  0.4191  0.0000  0.0000  0.0000  0.0000  0.0000  0.0000  0.0000  0.0000 
16 H  0.8531  0.0000  0.0000  0.0000  0.0000  0.0000  0.0000  0.0000  0.0000 
17 H  0.6585  0.0000  0.0000  0.0000  0.0000  0.0000  0.0000  0.0000  0.0000 
18 H  0.6868  0.0000  0.0000  0.0000  0.0000  0.0000  0.0000  0.0000  0.0000 
19 H  1.3558  0.0000  0.0000  0.0000  0.0000  0.0000  0.0000  0.0000  0.0000 
20 H  0.6585  0.0000  0.0000  0.0000  0.0000  0.0000  0.0000  0.0000  0.0000 
21 H  0.7824  0.0000  0.0000  0.0000  0.0000  0.0000  0.0000  0.0000  0.0000 
22 H  0.6995  0.0000  0.0000  0.0000  0.0000  0.0000  0.0000  0.0000  0.0000 
23 H  1.9110  0.0000  0.0000  0.0000  0.0000  0.0000  0.0000  0.0000  0.0000 

# AVERAGE NET CHARGES
1 C 0.109423
2 H 0.110438
3 C -0.800741
4 C -0.398866
5 C -0.137577
6 C -1.533848
7 C 0.422759
8 C 0.253729
9 C -0.626857
10 H 0.289486
11 H 0.537183
12 H 0.489451
13 H 0.250534
14 H 0.059662
15 H 0.580904
16 H 0.146851
17 H 0.341532
18 H 0.313250
19 H -0.355836
20 H 0.341465
21 H 0.217591
22 H 0.300476
23 H -0.911009
There are a total of 47.000000 electrons.
Done!
